<?xml version="1.0" encoding="UTF-8"?>
<!-- Generated by org.testng.reporters.JUnitXMLReporter -->
<testsuite hostname="LAPTOP-G5I9IAS6" ignored="0" name="Default test" tests="7" failures="0" timestamp="03 Mar 2023 07:51:13 GMT" time="151.372" errors="0">
  <testcase name="test1" time="98.105" classname="tests.PlanitTests"/>
  <testcase name="test2" time="8.871" classname="tests.PlanitTests"/>
  <testcase name="test2" time="7.899" classname="tests.PlanitTests"/>
  <testcase name="test2" time="7.465" classname="tests.PlanitTests"/>
  <testcase name="test2" time="4.535" classname="tests.PlanitTests"/>
  <testcase name="test2" time="4.672" classname="tests.PlanitTests"/>
  <testcase name="test3" time="1.642" classname="tests.PlanitTests"/>
</testsuite> <!-- Default test -->
